<?xml version="1.0" encoding="UTF-8"?>
<testsuite xmlns:xsi="http://www.w3.org/2001/XMLSchema-instance" xsi:noNamespaceSchemaLocation="https://maven.apache.org/surefire/maven-surefire-plugin/xsd/surefire-test-report-3.0.xsd" version="3.0" name="org.jfree.data.general.DatasetUtilsTest" time="0.019" tests="61" errors="0" skipped="0" failures="0">
  <properties>
    <property name="java.specification.version" value="19"/>
    <property name="sun.cpu.isalist" value="amd64"/>
    <property name="sun.jnu.encoding" value="Cp1252"/>
    <property name="java.class.path" value="C:\Users\Mess10\Documents\GitHub\Ift3913_Tp2\jfreechart-master\jfreechart-master\target\test-classes;C:\Users\Mess10\.m2\repository\org\junit\jupiter\junit-jupiter-api\5.8.2\junit-jupiter-api-5.8.2.jar;C:\Users\Mess10\.m2\repository\org\opentest4j\opentest4j\1.2.0\opentest4j-1.2.0.jar;C:\Users\Mess10\.m2\repository\org\junit\platform\junit-platform-commons\1.8.2\junit-platform-commons-1.8.2.jar;C:\Users\Mess10\.m2\repository\org\apiguardian\apiguardian-api\1.1.2\apiguardian-api-1.1.2.jar;C:\Users\Mess10\.m2\repository\org\junit\jupiter\junit-jupiter-engine\5.8.2\junit-jupiter-engine-5.8.2.jar;C:\Users\Mess10\.m2\repository\org\junit\platform\junit-platform-engine\1.8.2\junit-platform-engine-1.8.2.jar;"/>
    <property name="sun.awt.enableExtraMouseButtons" value="true"/>
    <property name="java.vm.vendor" value="Oracle Corporation"/>
    <property name="sun.arch.data.model" value="64"/>
    <property name="user.variant" value=""/>
    <property name="java.vendor.url" value="https://java.oracle.com/"/>
    <property name="user.timezone" value="America/Vancouver"/>
    <property name="os.name" value="Windows 10"/>
    <property name="java.vm.specification.version" value="19"/>
    <property name="sun.java.launcher" value="SUN_STANDARD"/>
    <property name="user.country" value="CA"/>
    <property name="sun.boot.library.path" value="C:\Program Files\Java\jdk-19\bin"/>
    <property name="sun.java.command" value="org.apache.maven.surefire.booter.ForkedBooter C:\Users\Mess10\AppData\Local\Temp\surefire17468631056637505919 2022-10-25T16-29-55_868-jvmRun1 surefire-20221025162956422_1tmp surefire_0-20221025162956422_2tmp"/>
    <property name="jdk.debug" value="release"/>
    <property name="surefire.test.class.path" value="C:\Users\Mess10\Documents\GitHub\Ift3913_Tp2\jfreechart-master\jfreechart-master\target\test-classes;C:\Users\Mess10\.m2\repository\org\junit\jupiter\junit-jupiter-api\5.8.2\junit-jupiter-api-5.8.2.jar;C:\Users\Mess10\.m2\repository\org\opentest4j\opentest4j\1.2.0\opentest4j-1.2.0.jar;C:\Users\Mess10\.m2\repository\org\junit\platform\junit-platform-commons\1.8.2\junit-platform-commons-1.8.2.jar;C:\Users\Mess10\.m2\repository\org\apiguardian\apiguardian-api\1.1.2\apiguardian-api-1.1.2.jar;C:\Users\Mess10\.m2\repository\org\junit\jupiter\junit-jupiter-engine\5.8.2\junit-jupiter-engine-5.8.2.jar;C:\Users\Mess10\.m2\repository\org\junit\platform\junit-platform-engine\1.8.2\junit-platform-engine-1.8.2.jar;"/>
    <property name="sun.cpu.endian" value="little"/>
    <property name="user.home" value="C:\Users\Mess10"/>
    <property name="user.language" value="en"/>
    <property name="java.specification.vendor" value="Oracle Corporation"/>
    <property name="jdk.module.path" value="C:\Users\Mess10\Documents\GitHub\Ift3913_Tp2\jfreechart-master\jfreechart-master\target\classes"/>
    <property name="java.version.date" value="2022-09-20"/>
    <property name="java.home" value="C:\Program Files\Java\jdk-19"/>
    <property name="file.separator" value="\"/>
    <property name="basedir" value="C:\Users\Mess10\Documents\GitHub\Ift3913_Tp2\jfreechart-master\jfreechart-master"/>
    <property name="java.vm.compressedOopsMode" value="32-bit"/>
    <property name="line.separator" value="&#10;"/>
    <property name="java.vm.specification.vendor" value="Oracle Corporation"/>
    <property name="java.specification.name" value="Java Platform API Specification"/>
    <property name="surefire.real.class.path" value="C:\Users\Mess10\.m2\repository\org\apache\maven\surefire\surefire-booter\3.0.0-M7\surefire-booter-3.0.0-M7.jar;C:\Users\Mess10\.m2\repository\org\apache\maven\surefire\surefire-api\3.0.0-M7\surefire-api-3.0.0-M7.jar;C:\Users\Mess10\.m2\repository\org\apache\maven\surefire\surefire-logger-api\3.0.0-M7\surefire-logger-api-3.0.0-M7.jar;C:\Users\Mess10\.m2\repository\org\apache\maven\surefire\surefire-shared-utils\3.0.0-M7\surefire-shared-utils-3.0.0-M7.jar;C:\Users\Mess10\.m2\repository\org\apache\maven\surefire\surefire-extensions-spi\3.0.0-M7\surefire-extensions-spi-3.0.0-M7.jar;C:\Users\Mess10\Documents\GitHub\Ift3913_Tp2\jfreechart-master\jfreechart-master\target\test-classes;C:\Users\Mess10\.m2\repository\org\junit\jupiter\junit-jupiter-api\5.8.2\junit-jupiter-api-5.8.2.jar;C:\Users\Mess10\.m2\repository\org\opentest4j\opentest4j\1.2.0\opentest4j-1.2.0.jar;C:\Users\Mess10\.m2\repository\org\junit\platform\junit-platform-commons\1.8.2\junit-platform-commons-1.8.2.jar;C:\Users\Mess10\.m2\repository\org\apiguardian\apiguardian-api\1.1.2\apiguardian-api-1.1.2.jar;C:\Users\Mess10\.m2\repository\org\junit\jupiter\junit-jupiter-engine\5.8.2\junit-jupiter-engine-5.8.2.jar;C:\Users\Mess10\.m2\repository\org\junit\platform\junit-platform-engine\1.8.2\junit-platform-engine-1.8.2.jar;C:\Users\Mess10\.m2\repository\org\apache\maven\surefire\surefire-junit-platform\3.0.0-M7\surefire-junit-platform-3.0.0-M7.jar;C:\Users\Mess10\.m2\repository\org\apache\maven\surefire\common-java5\3.0.0-M7\common-java5-3.0.0-M7.jar;C:\Users\Mess10\.m2\repository\org\junit\platform\junit-platform-launcher\1.8.2\junit-platform-launcher-1.8.2.jar"/>
    <property name="user.script" value=""/>
    <property name="sun.management.compiler" value="HotSpot 64-Bit Tiered Compilers"/>
    <property name="java.runtime.version" value="19+36-2238"/>
    <property name="user.name" value="Mess10"/>
    <property name="stdout.encoding" value="Cp1252"/>
    <property name="path.separator" value=";"/>
    <property name="os.version" value="10.0"/>
    <property name="java.runtime.name" value="Java(TM) SE Runtime Environment"/>
    <property name="file.encoding" value="UTF-8"/>
    <property name="java.vm.name" value="Java HotSpot(TM) 64-Bit Server VM"/>
    <property name="localRepository" value="C:\Users\Mess10\.m2\repository"/>
    <property name="java.vendor.url.bug" value="https://bugreport.java.com/bugreport/"/>
    <property name="java.io.tmpdir" value="C:\Users\Mess10\AppData\Local\Temp\"/>
    <property name="java.version" value="19"/>
    <property name="user.dir" value="C:\Users\Mess10\Documents\GitHub\Ift3913_Tp2\jfreechart-master\jfreechart-master"/>
    <property name="os.arch" value="amd64"/>
    <property name="java.vm.specification.name" value="Java Virtual Machine Specification"/>
    <property name="sun.os.patch.level" value=""/>
    <property name="native.encoding" value="Cp1252"/>
    <property name="java.library.path" value="C:\Program Files\Java\jdk-19\bin;C:\WINDOWS\Sun\Java\bin;C:\WINDOWS\system32;C:\WINDOWS;C:\WINDOWS\system32;C:\WINDOWS;C:\WINDOWS\System32\Wbem;C:\WINDOWS\System32\WindowsPowerShell\v1.0\;C:\WINDOWS\System32\OpenSSH\;C:\Program Files\Git\cmd;C:\Program Files\Java\jdk-19\bin;C:\Users\Mess10\Downloads\sonarqube-9.7.0.61563\sonarqube-9.7.0.61563\bin\windows-x86-64;C:\Program Files\apache-maven-3.8.6\bin;C:\Users\Mess10\AppData\Local\Programs\Python\Python310\Scripts\;C:\Users\Mess10\AppData\Local\Programs\Python\Python310\;C:\Users\Mess10\AppData\Local\Microsoft\WindowsApps;C:\Users\Mess10\AppData\Local\GitHubDesktop\bin;C:\Users\Mess10\AppData\Local\Programs\Microsoft VS Code\bin;C:\altera\13.0sp1\modelsim_ase\win32aloem;C:\Users\Mess10\Downloads\sonarqube-9.7.0.61563\sonarqube-9.7.0.61563\bin\windows-x86-64;;."/>
    <property name="java.vm.info" value="mixed mode"/>
    <property name="stderr.encoding" value="Cp1252"/>
    <property name="java.vendor" value="Oracle Corporation"/>
    <property name="java.vm.version" value="19+36-2238"/>
    <property name="sun.io.unicode.encoding" value="UnicodeLittle"/>
    <property name="java.class.version" value="63.0"/>
  </properties>
  <testcase name="testIterateDomainBounds_NaN2" classname="org.jfree.data.general.DatasetUtilsTest" time="0.001"/>
  <testcase name="testIterateToFindDomainBounds_IntervalXYDataset" classname="org.jfree.data.general.DatasetUtilsTest" time="0"/>
  <testcase name="testIterateToFindRangeBounds_StatisticalCategoryDataset" classname="org.jfree.data.general.DatasetUtilsTest" time="0"/>
  <testcase name="testFindStackedRangeBoundsForTableXYDataset1" classname="org.jfree.data.general.DatasetUtilsTest" time="0.001"/>
  <testcase name="testFindStackedRangeBoundsForTableXYDataset2" classname="org.jfree.data.general.DatasetUtilsTest" time="0"/>
  <testcase name="testLimitPieDataset" classname="org.jfree.data.general.DatasetUtilsTest" time="0"/>
  <testcase name="testIterateRangeBounds" classname="org.jfree.data.general.DatasetUtilsTest" time="0"/>
  <testcase name="testMaximumStackedRangeValue" classname="org.jfree.data.general.DatasetUtilsTest" time="0"/>
  <testcase name="testFindRangeBounds2" classname="org.jfree.data.general.DatasetUtilsTest" time="0"/>
  <testcase name="testBug2849731" classname="org.jfree.data.general.DatasetUtilsTest" time="0.002"/>
  <testcase name="testFindYValueNonSorted" classname="org.jfree.data.general.DatasetUtilsTest" time="0"/>
  <testcase name="testIterateRangeBounds_CategoryDataset" classname="org.jfree.data.general.DatasetUtilsTest" time="0.001"/>
  <testcase name="testIterateToFindRangeBounds1_XYDataset" classname="org.jfree.data.general.DatasetUtilsTest" time="0"/>
  <testcase name="testIterateRangeBounds2" classname="org.jfree.data.general.DatasetUtilsTest" time="0"/>
  <testcase name="testIterateRangeBounds3" classname="org.jfree.data.general.DatasetUtilsTest" time="0"/>
  <testcase name="testIterateRangeBounds4" classname="org.jfree.data.general.DatasetUtilsTest" time="0"/>
  <testcase name="testFindZBounds" classname="org.jfree.data.general.DatasetUtilsTest" time="0"/>
  <testcase name="testCumulativeRange1" classname="org.jfree.data.general.DatasetUtilsTest" time="0"/>
  <testcase name="testCumulativeRange2" classname="org.jfree.data.general.DatasetUtilsTest" time="0"/>
  <testcase name="testCumulativeRange3" classname="org.jfree.data.general.DatasetUtilsTest" time="0"/>
  <testcase name="testJava" classname="org.jfree.data.general.DatasetUtilsTest" time="0.001"/>
  <testcase name="testFindMinimumRangeValue" classname="org.jfree.data.general.DatasetUtilsTest" time="0"/>
  <testcase name="testFindStackedRangeBounds_CategoryDataset1" classname="org.jfree.data.general.DatasetUtilsTest" time="0"/>
  <testcase name="testFindStackedRangeBounds_CategoryDataset2" classname="org.jfree.data.general.DatasetUtilsTest" time="0"/>
  <testcase name="testFindStackedRangeBounds_CategoryDataset3" classname="org.jfree.data.general.DatasetUtilsTest" time="0"/>
  <testcase name="testFindMaximumDomainValue" classname="org.jfree.data.general.DatasetUtilsTest" time="0"/>
  <testcase name="testIterateToFindRangeBounds_BoxAndWhiskerXYDataset" classname="org.jfree.data.general.DatasetUtilsTest" time="0"/>
  <testcase name="testIterateRangeBounds2_CategoryDataset" classname="org.jfree.data.general.DatasetUtilsTest" time="0"/>
  <testcase name="testStackedRangeWithMap" classname="org.jfree.data.general.DatasetUtilsTest" time="0"/>
  <testcase name="testFindYValue" classname="org.jfree.data.general.DatasetUtilsTest" time="0"/>
  <testcase name="testFindYValueWithDuplicates" classname="org.jfree.data.general.DatasetUtilsTest" time="0.001"/>
  <testcase name="testFindMaximumStackedRangeValue" classname="org.jfree.data.general.DatasetUtilsTest" time="0"/>
  <testcase name="testFindMinimumStackedRangeValue" classname="org.jfree.data.general.DatasetUtilsTest" time="0"/>
  <testcase name="testFindDomainBounds_NaN" classname="org.jfree.data.general.DatasetUtilsTest" time="0"/>
  <testcase name="testFindRangeBounds" classname="org.jfree.data.general.DatasetUtilsTest" time="0"/>
  <testcase name="testIterateDomainBounds_NaN" classname="org.jfree.data.general.DatasetUtilsTest" time="0"/>
  <testcase name="testFindMinimumStackedRangeValue2" classname="org.jfree.data.general.DatasetUtilsTest" time="0"/>
  <testcase name="testSampleFunction2D" classname="org.jfree.data.general.DatasetUtilsTest" time="0"/>
  <testcase name="testIterateToFindRangeBounds_MultiValueCategoryDataset" classname="org.jfree.data.general.DatasetUtilsTest" time="0"/>
  <testcase name="testFindMaximumStackedRangeValue2" classname="org.jfree.data.general.DatasetUtilsTest" time="0"/>
  <testcase name="testIterateRangeBounds3_CategoryDataset" classname="org.jfree.data.general.DatasetUtilsTest" time="0"/>
  <testcase name="testIsEmptyOrNullXYDataset" classname="org.jfree.data.general.DatasetUtilsTest" time="0.001"/>
  <testcase name="test803660" classname="org.jfree.data.general.DatasetUtilsTest" time="0"/>
  <testcase name="testFindMaximumRangeValue" classname="org.jfree.data.general.DatasetUtilsTest" time="0"/>
  <testcase name="testMinMaxRange" classname="org.jfree.data.general.DatasetUtilsTest" time="0"/>
  <testcase name="testIterateToFindRangeBounds_IntervalXYDataset" classname="org.jfree.data.general.DatasetUtilsTest" time="0.001"/>
  <testcase name="testIterateToFindRangeBounds2_XYDataset" classname="org.jfree.data.general.DatasetUtilsTest" time="0"/>
  <testcase name="testCalculatePieDatasetTotal" classname="org.jfree.data.general.DatasetUtilsTest" time="0"/>
  <testcase name="testFindRangeBounds_CategoryDataset" classname="org.jfree.data.general.DatasetUtilsTest" time="0"/>
  <testcase name="testFindDomainBounds" classname="org.jfree.data.general.DatasetUtilsTest" time="0"/>
  <testcase name="testCreateCategoryDataset1" classname="org.jfree.data.general.DatasetUtilsTest" time="0"/>
  <testcase name="testCreateCategoryDataset2" classname="org.jfree.data.general.DatasetUtilsTest" time="0"/>
  <testcase name="testIterateRangeBounds_IntervalCategoryDataset" classname="org.jfree.data.general.DatasetUtilsTest" time="0"/>
  <testcase name="testBug2849731_2" classname="org.jfree.data.general.DatasetUtilsTest" time="0.001"/>
  <testcase name="testBug2849731_3" classname="org.jfree.data.general.DatasetUtilsTest" time="0"/>
  <testcase name="testIterateDomainBounds" classname="org.jfree.data.general.DatasetUtilsTest" time="0"/>
  <testcase name="testCumulativeRange_NaN" classname="org.jfree.data.general.DatasetUtilsTest" time="0"/>
  <testcase name="testFindDomainBounds2" classname="org.jfree.data.general.DatasetUtilsTest" time="0.001"/>
  <testcase name="testFindDomainBounds3" classname="org.jfree.data.general.DatasetUtilsTest" time="0"/>
  <testcase name="testFindDomainBounds4" classname="org.jfree.data.general.DatasetUtilsTest" time="0"/>
  <testcase name="testFindMinimumDomainValue" classname="org.jfree.data.general.DatasetUtilsTest" time="0"/>
</testsuite>